d:\máster\arquitectura\engine++\engine\engine\x64\debug\vc143.pdb
d:\máster\arquitectura\engine++\engine\engine\x64\debug\vc143.idb
d:\máster\arquitectura\engine++\engine\engine\x64\debug\engine.obj
d:\máster\arquitectura\engine++\engine\engine\x64\debug\tigr.obj
d:\máster\arquitectura\engine++\engine\engine\x64\debug\engine.res
d:\máster\arquitectura\engine++\engine\x64\debug\engine.pdb
d:\máster\arquitectura\engine++\engine\engine\x64\debug\engine.tlog\cl.command.1.tlog
d:\máster\arquitectura\engine++\engine\engine\x64\debug\engine.tlog\cl.read.1.tlog
d:\máster\arquitectura\engine++\engine\engine\x64\debug\engine.tlog\cl.write.1.tlog
d:\máster\arquitectura\engine++\engine\engine\x64\debug\engine.tlog\link-cvtres.read.1.tlog
d:\máster\arquitectura\engine++\engine\engine\x64\debug\engine.tlog\link-cvtres.write.1.tlog
d:\máster\arquitectura\engine++\engine\engine\x64\debug\engine.tlog\link-rc.read.1.tlog
d:\máster\arquitectura\engine++\engine\engine\x64\debug\engine.tlog\link-rc.write.1.tlog
d:\máster\arquitectura\engine++\engine\engine\x64\debug\engine.tlog\link.command.1.tlog
d:\máster\arquitectura\engine++\engine\engine\x64\debug\engine.tlog\link.read.1.tlog
d:\máster\arquitectura\engine++\engine\engine\x64\debug\engine.tlog\link.read.2.tlog
d:\máster\arquitectura\engine++\engine\engine\x64\debug\engine.tlog\link.write.1.tlog
d:\máster\arquitectura\engine++\engine\engine\x64\debug\engine.tlog\rc.command.1.tlog
d:\máster\arquitectura\engine++\engine\engine\x64\debug\engine.tlog\rc.read.1.tlog
d:\máster\arquitectura\engine++\engine\engine\x64\debug\engine.tlog\rc.write.1.tlog
